<?xml version="1.0" encoding="UTF-8"?>
<testng-results ignored="0" total="3" passed="3" failed="0" skipped="0">
  <reporter-output>
  </reporter-output>
  <suite started-at="2018-01-05T13:31:08Z" name="Default suite" finished-at="2018-01-05T13:31:08Z" duration-ms="70">
    <groups>
    </groups>
    <test started-at="2018-01-05T13:31:08Z" name="Default test" finished-at="2018-01-05T13:31:08Z" duration-ms="70">
      <class name="sampleTestNG.sample">
        <test-method signature="google()[pri:-80, instance:sampleTestNG.sample@c0c2f8d]" started-at="2018-01-05T19:01:08Z" name="google" finished-at="2018-01-05T19:01:08Z" duration-ms="18" status="PASS">
          <reporter-output>
          </reporter-output>
        </test-method> <!-- google -->
        <test-method signature="twitter()[pri:0, instance:sampleTestNG.sample@c0c2f8d]" started-at="2018-01-05T19:01:08Z" name="twitter" finished-at="2018-01-05T19:01:08Z" duration-ms="4" status="PASS">
          <reporter-output>
          </reporter-output>
        </test-method> <!-- twitter -->
        <test-method signature="facebook()[pri:100, instance:sampleTestNG.sample@c0c2f8d]" started-at="2018-01-05T19:01:08Z" name="facebook" finished-at="2018-01-05T19:01:08Z" duration-ms="2" status="PASS">
          <reporter-output>
          </reporter-output>
        </test-method> <!-- facebook -->
      </class> <!-- sampleTestNG.sample -->
    </test> <!-- Default test -->
  </suite> <!-- Default suite -->
</testng-results>
